<?xml version="1.0" encoding="UTF-8"?>
<testsuite xmlns:xsi="http://www.w3.org/2001/XMLSchema-instance" xsi:noNamespaceSchemaLocation="https://maven.apache.org/surefire/maven-surefire-plugin/xsd/surefire-test-report-3.0.xsd" version="3.0" name="com.dh.TaskManager.TaskManagerApplicationTests" time="13.236" tests="1" errors="0" skipped="0" failures="0">
  <properties>
[...]
</properties>
  <testcase name="contextLoads" classname="com.dh.TaskManager.TaskManagerApplicationTests" time="1.539">
    <system-out><![CDATA[13:41:47.775 [main] INFO org.springframework.test.context.support.AnnotationConfigContextLoaderUtils -- Could not detect default configuration classes for test class [com.dh.TaskManager.TaskManagerApplicationTests]: TaskManagerApplicationTests does not declare any static, non-private, non-final, nested classes annotated with @Configuration.
13:41:48.055 [main] INFO org.springframework.boot.test.context.SpringBootTestContextBootstrapper -- Found @SpringBootConfiguration com.dh.TaskManager.TaskManagerApplication for test class com.dh.TaskManager.TaskManagerApplicationTests
13:41:48.395 [main] INFO org.springframework.boot.devtools.restart.RestartApplicationListener -- Restart disabled due to context in which it is running

  .   ____          _            __ _ _
 /\\ / ___'_ __ _ _(_)_ __  __ _ \ \ \ \
( ( )\___ | '_ | '_| | '_ \/ _` | \ \ \ \
 \\/  ___)| |_)| | | | | || (_| |  ) ) ) )
  '  |____| .__|_| |_|_| |_\__, | / / / /
 =========|_|==============|___/=/_/_/_/
 :: Spring Boot ::                (v3.2.5)

2024-05-22T13:41:49.032-03:00  INFO 4012 --- [TaskManager] [           main] c.d.T.TaskManagerApplicationTests        : Starting TaskManagerApplicationTests using Java 21.0.2 with PID 4012 (started by conta in C:\Users\conta\Desktop\Projects\TaskManagerForDH)
2024-05-22T13:41:49.036-03:00  INFO 4012 --- [TaskManager] [           main] c.d.T.TaskManagerApplicationTests        : No active profile set, falling back to 1 default profile: "default"
2024-05-22T13:41:50.731-03:00  INFO 4012 --- [TaskManager] [           main] .s.d.r.c.RepositoryConfigurationDelegate : Bootstrapping Spring Data JPA repositories in DEFAULT mode.
2024-05-22T13:41:50.949-03:00  INFO 4012 --- [TaskManager] [           main] .s.d.r.c.RepositoryConfigurationDelegate : Finished Spring Data repository scanning in 193 ms. Found 1 JPA repository interface.
2024-05-22T13:41:52.373-03:00  INFO 4012 --- [TaskManager] [           main] o.hibernate.jpa.internal.util.LogHelper  : HHH000204: Processing PersistenceUnitInfo [name: default]
2024-05-22T13:41:52.591-03:00  INFO 4012 --- [TaskManager] [           main] org.hibernate.Version                    : HHH000412: Hibernate ORM core version 6.4.4.Final
2024-05-22T13:41:52.675-03:00  INFO 4012 --- [TaskManager] [           main] o.h.c.internal.RegionFactoryInitiator    : HHH000026: Second-level cache disabled
2024-05-22T13:41:53.473-03:00  INFO 4012 --- [TaskManager] [           main] o.s.o.j.p.SpringPersistenceUnitInfo      : No LoadTimeWeaver setup: ignoring JPA class transformer
2024-05-22T13:41:53.548-03:00  INFO 4012 --- [TaskManager] [           main] com.zaxxer.hikari.HikariDataSource       : HikariPool-1 - Starting...
2024-05-22T13:41:54.038-03:00  INFO 4012 --- [TaskManager] [           main] com.zaxxer.hikari.pool.HikariPool        : HikariPool-1 - Added connection conn0: url=jdbc:h2:mem:taskmanager user=ROOT
2024-05-22T13:41:54.041-03:00  INFO 4012 --- [TaskManager] [           main] com.zaxxer.hikari.HikariDataSource       : HikariPool-1 - Start completed.
2024-05-22T13:41:55.856-03:00  INFO 4012 --- [TaskManager] [           main] o.h.e.t.j.p.i.JtaPlatformInitiator       : HHH000489: No JTA platform available (set 'hibernate.transaction.jta.platform' to enable JTA platform integration)
Hibernate: create table tasks (id bigint generated by default as identity, description varchar(255), title varchar(255), primary key (id))
2024-05-22T13:41:55.982-03:00  INFO 4012 --- [TaskManager] [           main] j.LocalContainerEntityManagerFactoryBean : Initialized JPA EntityManagerFactory for persistence unit 'default'
2024-05-22T13:41:57.745-03:00  WARN 4012 --- [TaskManager] [           main] JpaBaseConfiguration$JpaWebConfiguration : spring.jpa.open-in-view is enabled by default. Therefore, database queries may be performed during view rendering. Explicitly configure spring.jpa.open-in-view to disable this warning
2024-05-22T13:41:58.794-03:00  INFO 4012 --- [TaskManager] [           main] o.s.b.a.h2.H2ConsoleAutoConfiguration    : H2 console available at '/h2-console'. Database available at 'jdbc:h2:mem:taskmanager'
2024-05-22T13:41:58.961-03:00  INFO 4012 --- [TaskManager] [           main] c.d.T.TaskManagerApplicationTests        : Started TaskManagerApplicationTests in 10.589 seconds (process running for 14.725)
]]></system-out>
    <system-err><![CDATA[WARNING: A Java agent has been loaded dynamically (C:\Users\conta\.m2\repository\net\bytebuddy\byte-buddy-agent\1.14.13\byte-buddy-agent-1.14.13.jar)
WARNING: If a serviceability tool is in use, please run with -XX:+EnableDynamicAgentLoading to hide this warning
WARNING: If a serviceability tool is not in use, please run with -Djdk.instrument.traceUsage for more information
WARNING: Dynamic loading of agents will be disallowed by default in a future release
]]></system-err>
  </testcase>
</testsuite>